d:\ceti\5°\estructura de datos\lcd\x64\debug\vc143.pdb
d:\ceti\5°\estructura de datos\lcd\x64\debug\vc143.idb
d:\ceti\5°\estructura de datos\lcd\x64\debug\nodo.obj
d:\ceti\5°\estructura de datos\lcd\x64\debug\listacirculardoble.obj
d:\ceti\5°\estructura de datos\lcd\x64\debug\lcd.obj
e:\lcd\x64\debug\vc143.pdb
d:\ceti\5°\estructura de datos\lcd\x64\debug\lcd.exe
d:\ceti\5°\estructura de datos\lcd\x64\debug\lcd.ilk
d:\ceti\5°\estructura de datos\lcd\x64\debug\lcd.pdb
c:\users\usuario\desktop\lcd\x64\debug\lcd.obj
c:\users\usuario\desktop\lcd\x64\debug\listacirculardoble.obj
c:\users\usuario\desktop\lcd\x64\debug\nodo.obj
c:\users\usuario\desktop\lcd\x64\debug\listacirculardoble.obj.enc
c:\users\usuario\desktop\lcd\x64\debug\lcd.ilk
c:\users\usuario\desktop\lcd\x64\debug\vc143.idb
c:\users\usuario\desktop\lcd\x64\debug\lcd.pdb
c:\users\usuario\desktop\lcd\x64\debug\vc143.pdb
c:\users\usuario\desktop\lcd\x64\debug\lcd.exe
c:\users\usuario\desktop\lcd\x64\debug\lcd.tlog\cl.command.1.tlog
c:\users\usuario\desktop\lcd\x64\debug\lcd.tlog\cl.read.1.tlog
c:\users\usuario\desktop\lcd\x64\debug\lcd.tlog\cl.write.1.tlog
c:\users\usuario\desktop\lcd\x64\debug\lcd.tlog\link.command.1.tlog
c:\users\usuario\desktop\lcd\x64\debug\lcd.tlog\link.read.1.tlog
c:\users\usuario\desktop\lcd\x64\debug\lcd.tlog\link.write.1.tlog
