d:\ceti\5°\estructura de datos\lcd\debug\vc143.pdb
d:\ceti\5°\estructura de datos\lcd\debug\vc143.idb
d:\ceti\5°\estructura de datos\lcd\debug\nodo.obj
d:\ceti\5°\estructura de datos\lcd\debug\listacirculardoble.obj
d:\ceti\5°\estructura de datos\lcd\debug\lcd.obj
e:\lcd\debug\vc143.pdb
e:\lcd\debug\vc143.idb
e:\lcd\debug\nodo.obj
d:\ceti\5°\estructura de datos\lcd\debug\lcd.exe
d:\ceti\5°\estructura de datos\lcd\debug\lcd.ilk
d:\ceti\5°\estructura de datos\lcd\debug\lcd.pdb
e:\lcd\debug\lcd.obj
e:\lcd\debug\lcd.ilk
e:\lcd\debug\lcd.pdb
e:\lcd\debug\lcd.exe
e:\lcd\debug\lcd.tlog\cl.command.1.tlog
e:\lcd\debug\lcd.tlog\cl.read.1.tlog
e:\lcd\debug\lcd.tlog\cl.write.1.tlog
e:\lcd\debug\lcd.tlog\link.command.1.tlog
e:\lcd\debug\lcd.tlog\link.read.1.tlog
e:\lcd\debug\lcd.tlog\link.write.1.tlog
